/* Error codes for the ASN1 functions. */

/* Function codes. */
#define ASN1_F_A2I_ASN1_INTEGER				 100
#define ASN1_F_ASN1_BIT_STRING_NEW			 101
#define ASN1_F_ASN1_BIT_STRING_TYPE_NEW			 102
#define ASN1_F_ASN1_D2I_BIO				 103
#define ASN1_F_ASN1_D2I_FP				 104
#define ASN1_F_ASN1_DUP					 105
#define ASN1_F_ASN1_GET_OBJECT				 106
#define ASN1_F_ASN1_HEADER_NEW				 107
#define ASN1_F_ASN1_I2D_BIO				 108
#define ASN1_F_ASN1_I2D_FP				 109
#define ASN1_F_ASN1_INTEGER_SET				 110
#define ASN1_F_ASN1_INTEGER_TO_BN			 111
#define ASN1_F_ASN1_OBJECT_NEW				 112
#define ASN1_F_ASN1_SIGN				 113
#define ASN1_F_ASN1_TYPE_NEW				 114
#define ASN1_F_ASN1_UTCTIME_DUP				 115
#define ASN1_F_ASN1_UTCTIME_NEW				 116
#define ASN1_F_ASN1_VERIFY				 117
#define ASN1_F_BN_TO_ASN1_INTEGER			 118
#define ASN1_F_D2I_ASN1_BIT_STRING			 119
#define ASN1_F_D2I_ASN1_BYTES				 120
#define ASN1_F_D2I_ASN1_HEADER				 121
#define ASN1_F_D2I_ASN1_INTEGER				 122
#define ASN1_F_D2I_ASN1_OBJECT				 123
#define ASN1_F_D2I_ASN1_OCTET_STRING			 124
#define ASN1_F_D2I_ASN1_PRINT_TYPE			 125
#define ASN1_F_D2I_ASN1_SET				 126
#define ASN1_F_D2I_ASN1_TYPE				 127
#define ASN1_F_D2I_ASN1_UTCTIME				 128
#define ASN1_F_D2I_DHPARAMS				 129
#define ASN1_F_D2I_DSAPRIVATEKEY			 130
#define ASN1_F_D2I_DSAPUBLICKEY				 131
#define ASN1_F_D2I_NETSCAPE_PKEY			 132
#define ASN1_F_D2I_NETSCAPE_RSA				 133
#define ASN1_F_D2I_NETSCAPE_RSA_2			 134
#define ASN1_F_D2I_NETSCAPE_SPKAC			 135
#define ASN1_F_D2I_NETSCAPE_SPKI			 136
#define ASN1_F_D2I_PKCS7				 137
#define ASN1_F_D2I_PKCS7_DIGEST				 138
#define ASN1_F_D2I_PKCS7_ENCRYPT			 139
#define ASN1_F_D2I_PKCS7_ENC_CONTENT			 140
#define ASN1_F_D2I_PKCS7_ENVELOPE			 141
#define ASN1_F_D2I_PKCS7_ISSUER_AND_SERIAL		 142
#define ASN1_F_D2I_PKCS7_RECIP_INFO			 143
#define ASN1_F_D2I_PKCS7_SIGNED				 144
#define ASN1_F_D2I_PKCS7_SIGNER_INFO			 145
#define ASN1_F_D2I_PKCS7_SIGN_ENVELOPE			 146
#define ASN1_F_D2I_PKEY					 147
#define ASN1_F_D2I_PRIVATEKEY				 148
#define ASN1_F_D2I_PUBLICKEY				 149
#define ASN1_F_D2I_RSAPRIVATEKEY			 150
#define ASN1_F_D2I_RSAPUBLICKEY				 151
#define ASN1_F_D2I_X509					 152
#define ASN1_F_D2I_X509_ALGOR				 153
#define ASN1_F_D2I_X509_ATTRIBUTE			 154
#define ASN1_F_D2I_X509_CINF				 155
#define ASN1_F_D2I_X509_CRL				 156
#define ASN1_F_D2I_X509_CRL_INFO			 157
#define ASN1_F_D2I_X509_KEY				 158
#define ASN1_F_D2I_X509_NAME				 159
#define ASN1_F_D2I_X509_NAME_ENTRY			 160
#define ASN1_F_D2I_X509_PKEY				 161
#define ASN1_F_D2I_X509_PUBKEY				 162
#define ASN1_F_D2I_X509_REQ				 163
#define ASN1_F_D2I_X509_REQ_INFO			 164
#define ASN1_F_D2I_X509_REVOKED				 165
#define ASN1_F_D2I_X509_SIG				 166
#define ASN1_F_D2I_X509_VAL				 167
#define ASN1_F_I2A_ASN1_OBJECT				 168
#define ASN1_F_I2D_ASN1_HEADER				 169
#define ASN1_F_I2D_DHPARAMS				 170
#define ASN1_F_I2D_DSAPRIVATEKEY			 171
#define ASN1_F_I2D_DSAPUBLICKEY				 172
#define ASN1_F_I2D_NETSCAPE_RSA				 173
#define ASN1_F_I2D_PKCS7				 174
#define ASN1_F_I2D_PRIVATEKEY				 175
#define ASN1_F_I2D_PUBLICKEY				 176
#define ASN1_F_I2D_RSAPRIVATEKEY			 177
#define ASN1_F_I2D_RSAPUBLICKEY				 178
#define ASN1_F_I2D_X509_ATTRIBUTE			 179
#define ASN1_F_NETSCAPE_PKEY_NEW			 180
#define ASN1_F_NETSCAPE_SPKAC_NEW			 181
#define ASN1_F_NETSCAPE_SPKI_NEW			 182
#define ASN1_F_PKCS7_DIGEST_NEW				 183
#define ASN1_F_PKCS7_ENCRYPT_NEW			 184
#define ASN1_F_PKCS7_ENC_CONTENT_NEW			 185
#define ASN1_F_PKCS7_ENVELOPE_NEW			 186
#define ASN1_F_PKCS7_ISSUER_AND_SERIAL_NEW		 187
#define ASN1_F_PKCS7_NEW				 188
#define ASN1_F_PKCS7_RECIP_INFO_NEW			 189
#define ASN1_F_PKCS7_SIGNED_NEW				 190
#define ASN1_F_PKCS7_SIGNER_INFO_NEW			 191
#define ASN1_F_PKCS7_SIGN_ENVELOPE_NEW			 192
#define ASN1_F_X509_ALGOR_NEW				 193
#define ASN1_F_X509_ATTRIBUTE_NEW			 194
#define ASN1_F_X509_CINF_NEW				 195
#define ASN1_F_X509_CRL_INFO_NEW			 196
#define ASN1_F_X509_CRL_NEW				 197
#define ASN1_F_X509_DHPARAMS_NEW			 198
#define ASN1_F_X509_INFO_NEW				 199
#define ASN1_F_X509_KEY_NEW				 200
#define ASN1_F_X509_NAME_ENTRY_NEW			 201
#define ASN1_F_X509_NAME_NEW				 202
#define ASN1_F_X509_NEW					 203
#define ASN1_F_X509_PKEY_NEW				 204
#define ASN1_F_X509_PUBKEY_NEW				 205
#define ASN1_F_X509_REQ_INFO_NEW			 206
#define ASN1_F_X509_REQ_NEW				 207
#define ASN1_F_X509_REVOKED_NEW				 208
#define ASN1_F_X509_SIG_NEW				 209
#define ASN1_F_X509_VAL_FREE				 210
#define ASN1_F_X509_VAL_NEW				 211

/* Reason codes. */
#define ASN1_R_BAD_CLASS				 100
#define ASN1_R_BAD_GET_OBJECT				 101
#define ASN1_R_BAD_OBJECT_HEADER			 102
#define ASN1_R_BAD_PASSWD_READ				 103
#define ASN1_R_BAD_PASSWORD_READ			 104
#define ASN1_R_BAD_PKCS7_CONTENT			 105
#define ASN1_R_BAD_PKCS7_TYPE				 106
#define ASN1_R_BAD_TAG					 107
#define ASN1_R_BAD_TYPE					 108
#define ASN1_R_BIT_STRING_TOO_SHORT			 109
#define ASN1_R_BN_LIB					 110
#define ASN1_R_DECODING_ERROR				 111
#define ASN1_R_ERROR_STACK				 112
#define ASN1_R_EXPECTING_AN_INTEGER			 113
#define ASN1_R_EXPECTING_AN_OBJECT			 114
#define ASN1_R_EXPECTING_AN_OCTET_STRING		 115
#define ASN1_R_EXPECTING_A_BIT_STRING			 116
#define ASN1_R_EXPECTING_A_SEQUENCE			 117
#define ASN1_R_EXPECTING_A_UTCTIME			 118
#define ASN1_R_HEADER_TOO_LONG				 119
#define ASN1_R_IV_TOO_LARGE				 120
#define ASN1_R_LENGTH_ERROR				 121
#define ASN1_R_LENGTH_MISMATCH				 122
#define ASN1_R_MISSING_EOS				 123
#define ASN1_R_NON_HEX_CHARACTERS			 124
#define ASN1_R_NOT_ENOUGH_DATA				 125
#define ASN1_R_NOT_EOC_IN_INDEFINITLE_LENGTH_SEQUENCE	 126
#define ASN1_R_ODD_NUMBER_OF_CHARS			 127
#define ASN1_R_PARSING					 128
#define ASN1_R_PRIVATE_KEY_HEADER_MISSING		 129
#define ASN1_R_SHORT_LINE				 130
#define ASN1_R_TAG_VALUE_TOO_HIGH			 131
#define ASN1_R_THE_ASN1_OBJECT_IDENTIFIER_IS_NOT_KNOWN_FOR_THIS_MD 132
#define ASN1_R_TOO_LONG					 133
#define ASN1_R_UNABLE_TO_DECODE_RSA_KEY			 134
#define ASN1_R_UNABLE_TO_DECODE_RSA_PRIVATE_KEY		 135
#define ASN1_R_UNKNOWN_ATTRIBUTE_TYPE			 136
#define ASN1_R_UNKNOWN_MESSAGE_DIGEST_ALGORITHM		 137
#define ASN1_R_UNKNOWN_OBJECT_TYPE			 138
#define ASN1_R_UNKNOWN_PUBLIC_KEY_TYPE			 139
#define ASN1_R_UNSUPORTED_CIPHER			 140
#define ASN1_R_UNSUPORTED_ENCRYPTION_ALGORITHM		 141
#define ASN1_R_UNSUPPORTED_PUBLIC_KEY_TYPE		 142
#define ASN1_R_UTCTIME_TOO_LONG				 143
#define ASN1_R_WRONG_EXPLICIT_TAG			 144
#define ASN1_R_WRONG_PRINTABLE_TYPE			 145
#define ASN1_R_WRONG_TAG				 146

#ifdef  __cplusplus
}
#endif
#endif

