/* Error codes for the EVP functions. */

/* Function codes. */
#define EVP_F_D2I_PKEY					 100
#define EVP_F_EVP_DECRYPTFINAL				 101
#define EVP_F_EVP_OPENINIT				 102
#define EVP_F_EVP_PKEY_NEW				 103
#define EVP_F_EVP_SEALINIT				 104
#define EVP_F_EVP_SIGNFINAL				 105
#define EVP_F_EVP_VERIFYFINAL				 106

/* Reason codes. */
#define EVP_R_BAD_DECRYPT				 100
#define EVP_R_DIGEST_TOO_BIG_FOR_RSA_KEY		 101
#define EVP_R_IV_TOO_LARGE				 102
#define EVP_R_PUBLIC_KEY_NOT_RSA			 103
#define EVP_R_THE_ASN1_OBJECT_IDENTIFIER_IS_NOT_KNOWN_FOR_THIS_MD 104
#define EVP_R_UNKNOWN_ALGORITHM_TYPE			 105
#define EVP_R_UNSUPORTED_CIPHER				 106
#define EVP_R_WRONG_FINAL_BLOCK_LENGTH			 107
#define EVP_R_WRONG_PUBLIC_KEY_TYPE			 108

#ifdef  __cplusplus
}
#endif
#endif

