SSL_errno
X509_get_subject_name
X509_NAME_oneline
ERR_print_errors
X509_get_issuer_name
X509_cert_verify_error_string
SSL_use_certificate_file
SSL_use_PrivateKey_file
SSL_Library_Initialise
BIO_s_file
BIO_new
BIO_ctrl
SSL_CTX_new
SSL_load_error_strings
X509_load_verify_locations
X509_set_default_verify_paths
SSL_new
SSL_set_fd
SSL_set_verify
SSL_CTX_set_cipher_list
SSL_get_fd
SSL_connect
SSL_state_string_long
SSL_write
SSL_set_session
SSL_free
SSL_get_peer_certificate
i2d_X509
PEM_ASN1_write_bio
X509_free
SSL_get_shared_ciphers
SSL_SESSION_print
SSL_read
SSL_CTX_free
SSL_state_string
SSL_Library_Initialise
BIO_s_file
BIO_new
BIO_ctrl
CERTIFICATE_CTX_new
ERR_load_crypto_strings
X509_set_default_verify_paths
ERR_print_errors
d2i_X509_REQ
PEM_ASN1_read_bio
BIO_free
X509_REQ_extract_key
i2d_X509_REQ_INFO
ASN1_verify
EVP_PKEY_free
X509_NAME_oneline
X509_new
ASN1_INTEGER_set
X509_NAME_free
d2i_X509_NAME
i2d_X509_NAME
ASN1_dup
X509_gmtime_adj
X509_PUBKEY_free
X509_get_issuer_name
X509_get_subject_name
i2a_ASN1_INTEGER
X509_subject_name_hash
X509_print
BIO_puts
ASN1_UTCTIME_print
X509_to_X509_REQ
X509_REQ_print
i2d_X509_REQ
PEM_ASN1_write_bio
i2d_X509
ASN1_i2d_bio
ASN1_X509_meth
i2d_ASN1_HEADER
CERTIFICATE_CTX_free
X509_REQ_free
X509_free
RSA_free
EVP_PKEY_size
BN_new
ASN1_BIT_STRING_type_new
BN_set_word
a2i_ASN1_INTEGER
BN_bin2bn
BN_add_word
BN_bn2bin
X509_add_cert
X509_cert_verify
ASN1_BIT_STRING_free
EVP_md5
i2d_X509_CINF
ASN1_sign
BN_free
X509_cert_verify_error_string
d2i_RSAPrivateKey
RSA_new
ASN1_d2i_bio
d2i_X509
BUF_MEM_new
BUF_MEM_grow
BIO_read
d2i_ASN1_HEADER
ASN1_HEADER_free
BUF_MEM_free
i2d_PublicKey
