/* Error codes for the X509 functions. */

/* Function codes. */
#define X509_F_INIT_CERTS				 100
#define X509_F_X509_ADD_CERT				 101
#define X509_F_X509_ADD_CERT_DIR			 102
#define X509_F_X509_ADD_CERT_FILE			 103
#define X509_F_X509_EXTRACT_KEY				 104
#define X509_F_X509_GET_CERT				 105
#define X509_F_X509_NAME_ONELINE			 106
#define X509_F_X509_NAME_PRINT				 107
#define X509_F_X509_PRINT_FP				 108
#define X509_F_X509_REQ_PRINT				 109
#define X509_F_X509_REQ_PRINT_FP			 110
#define X509_F_X509_REQ_TO_X509				 111
#define X509_F_X509_SET_DEFAULT_VERIFY_PATHS		 112
#define X509_F_X509_TO_X509_REQ				 113

/* Reason codes. */
#define X509_R_BAD_PUBLIC_KEY_TYPE			 100
#define X509_R_BAD_X509_FILETYPE			 101
#define X509_R_CERT_ALREADY_IN_HASH_TABLE		 102
#define X509_R_ERR_ASN1_LIB				 103
#define X509_R_LOADING_DEFAULTS				 104
#define X509_R_LOADING_DIR_ENV_VAR			 105
#define X509_R_LOADING_FILE_ENV_VAR			 106

#ifdef  __cplusplus
}
#endif
#endif

