/* Error codes for the RSA functions. */

/* Function codes. */
#define RSA_F_RSA_GENERATE_KEY				 100
#define RSA_F_RSA_NEW					 101
#define RSA_F_RSA_PRINT					 102
#define RSA_F_RSA_PRINT_FP				 103
#define RSA_F_RSA_PRIVATE_DECRYPT			 104
#define RSA_F_RSA_PRIVATE_ENCRYPT			 105
#define RSA_F_RSA_PUBLIC_DECRYPT			 106
#define RSA_F_RSA_PUBLIC_ENCRYPT			 107
#define RSA_F_RSA_SIGN					 108
#define RSA_F_RSA_VERIFY				 109

/* Reason codes. */
#define RSA_R_ALGORITHM_MISMATCH			 100
#define RSA_R_BAD_E_VALUE				 101
#define RSA_R_BAD_FF_HEADER				 102
#define RSA_R_BAD_PAD_BYTE_COUNT			 103
#define RSA_R_BAD_SIGNATURE				 104
#define RSA_R_BLOCK_TYPE_IS_NOT_01			 105
#define RSA_R_BLOCK_TYPE_IS_NOT_02			 106
#define RSA_R_DATA_NOT_EQ_TO_MOD_LEN			 107
#define RSA_R_DATA_TO_LARGE_FOR_KEY_SIZE		 108
#define RSA_R_DIGEST_TOO_BIG_FOR_RSA_KEY		 109
#define RSA_R_NULL_BEFORE_BLOCK_MISSING			 110
#define RSA_R_THE_ASN1_OBJECT_IDENTIFIER_IS_NOT_KNOWN_FOR_THIS_MD 111
#define RSA_R_UNKNOWN_ALGORITHM_TYPE			 112
#define RSA_R_WRONG_SIGNATURE_LENGTH			 113

#ifdef  __cplusplus
}
#endif
#endif

