/* Error codes for the SSL functions. */

/* Function codes. */
#define SSL_F_CLIENT_CERTIFICATE			 100
#define SSL_F_CLIENT_HELLO				 101
#define SSL_F_CLIENT_MASTER_KEY				 102
#define SSL_F_D2I_SSL_SESSION				 103
#define SSL_F_GET_CLIENT_FINISHED			 104
#define SSL_F_GET_CLIENT_HELLO				 105
#define SSL_F_GET_CLIENT_MASTER_KEY			 106
#define SSL_F_GET_SERVER_FINISHED			 107
#define SSL_F_GET_SERVER_HELLO				 108
#define SSL_F_GET_SERVER_VERIFY				 109
#define SSL_F_I2D_SSL_SESSION				 110
#define SSL_F_READ_N					 111
#define SSL_F_REQUEST_CERTIFICATE			 112
#define SSL_F_SERVER_HELLO				 113
#define SSL_F_SSL_ACCEPT				 114
#define SSL_F_SSL_CERT_NEW				 115
#define SSL_F_SSL_CONNECT				 116
#define SSL_F_SSL_ENC_DES_CBC_INIT			 117
#define SSL_F_SSL_ENC_DES_CFB_INIT			 118
#define SSL_F_SSL_ENC_DES_EDE3_CBC_INIT			 119
#define SSL_F_SSL_ENC_IDEA_CBC_INIT			 120
#define SSL_F_SSL_ENC_NULL_INIT				 121
#define SSL_F_SSL_ENC_RC2_CBC_INIT			 122
#define SSL_F_SSL_ENC_RC4_INIT				 123
#define SSL_F_SSL_GET_NEW_SESSION			 124
#define SSL_F_SSL_MAKE_CIPHER_LIST			 125
#define SSL_F_SSL_NEW					 126
#define SSL_F_SSL_READ					 127
#define SSL_F_SSL_RSA_PRIVATE_DECRYPT			 128
#define SSL_F_SSL_RSA_PUBLIC_ENCRYPT			 129
#define SSL_F_SSL_SESSION_NEW				 130
#define SSL_F_SSL_SESSION_PRINT_FP			 131
#define SSL_F_SSL_SET_CERTIFICATE			 132
#define SSL_F_SSL_SET_FD				 133
#define SSL_F_SSL_SET_RFD				 134
#define SSL_F_SSL_SET_WFD				 135
#define SSL_F_SSL_STARTUP				 136
#define SSL_F_SSL_USE_CERTIFICATE			 137
#define SSL_F_SSL_USE_CERTIFICATE_ASN1			 138
#define SSL_F_SSL_USE_CERTIFICATE_FILE			 139
#define SSL_F_SSL_USE_PRIVATEKEY			 140
#define SSL_F_SSL_USE_PRIVATEKEY_ASN1			 141
#define SSL_F_SSL_USE_PRIVATEKEY_FILE			 142
#define SSL_F_SSL_USE_RSAPRIVATEKEY			 143
#define SSL_F_SSL_USE_RSAPRIVATEKEY_ASN1		 144
#define SSL_F_SSL_USE_RSAPRIVATEKEY_FILE		 145
#define SSL_F_WRITE_PENDING				 146

/* Reason codes. */
#define SSL_R_BAD_AUTHENTICATION_TYPE			 100
#define SSL_R_BAD_CHECKSUM				 101
#define SSL_R_BAD_MAC_DECODE				 102
#define SSL_R_BAD_RESPONSE_ARGUMENT			 103
#define SSL_R_BAD_SSL_FILETYPE				 104
#define SSL_R_BAD_SSL_SESSION_ID_LENGTH			 105
#define SSL_R_BAD_STATE					 106
#define SSL_R_BAD_WRITE_RETRY				 107
#define SSL_R_CHALLENGE_IS_DIFFERENT			 108
#define SSL_R_CIPHER_CODE_TOO_LONG			 109
#define SSL_R_CIPHER_TABLE_SRC_ERROR			 110
#define SSL_R_CONECTION_ID_IS_DIFFERENT			 111
#define SSL_R_INVALID_CHALLENGE_LENGTH			 112
#define SSL_R_NO_CERTIFICATE_SET			 113
#define SSL_R_NO_CERTIFICATE_SPECIFIED			 114
#define SSL_R_NO_CIPHER_LIST				 115
#define SSL_R_NO_CIPHER_MATCH				 116
#define SSL_R_NO_CIPHER_WE_TRUST			 117
#define SSL_R_NO_PRIVATEKEY				 118
#define SSL_R_NO_PUBLICKEY				 119
#define SSL_R_NO_READ_METHOD_SET			 120
#define SSL_R_NO_WRITE_METHOD_SET			 121
#define SSL_R_NULL_SSL_CTX				 122
#define SSL_R_PEER_DID_NOT_RETURN_A_CERTIFICATE		 123
#define SSL_R_PEER_ERROR				 124
#define SSL_R_PEER_ERROR_CERTIFICATE			 125
#define SSL_R_PEER_ERROR_NO_CIPHER			 126
#define SSL_R_PEER_ERROR_UNSUPPORTED_CERTIFICATE_TYPE	 127
#define SSL_R_PERR_ERROR_NO_CERTIFICATE			 128
#define SSL_R_PUBLIC_KEY_ENCRYPT_ERROR			 129
#define SSL_R_PUBLIC_KEY_IS_NOT_RSA			 130
#define SSL_R_PUBLIC_KEY_NO_RSA				 131
#define SSL_R_READ_WRONG_PACKET_TYPE			 132
#define SSL_R_REVERSE_KEY_ARG_LENGTH_IS_WRONG		 133
#define SSL_R_REVERSE_MASTER_KEY_LENGTH_IS_WRONG	 134
#define SSL_R_REVERSE_SSL_SESSION_ID_LENGTH_IS_WRONG	 135
#define SSL_R_SHORT_READ				 136
#define SSL_R_SSL_SESSION_ID_IS_DIFFERENT		 137
#define SSL_R_UNABLE_TO_EXTRACT_PUBLIC_KEY		 138
#define SSL_R_UNDEFINED_INIT_STATE			 139
#define SSL_R_UNKNOWN_REMOTE_ERROR_TYPE			 140
#define SSL_R_UNKNOWN_STATE				 141
#define SSL_R_UNSUPORTED_CIPHER				 142
#define SSL_R_WRONG_PUBLIC_KEY_TYPE			 143
#define SSL_R_X509_LIB					 144

#ifdef  __cplusplus
}
#endif
#endif

