/* Error codes for the BUF functions. */

/* Function codes. */
#define BUF_F_BIO_CTRL					 100
#define BUF_F_BIO_GETS					 101
#define BUF_F_BIO_NEW					 102
#define BUF_F_BIO_PUTS					 103
#define BUF_F_BIO_READ					 104
#define BUF_F_BIO_WRITE					 105
#define BUF_F_BUF_MEM_GROW				 106
#define BUF_F_BUF_MEM_NEW				 107
#define BUF_F_FILE_CTRL					 108
#define BUF_F_MEM_WRITE					 109

/* Reason codes. */
#define BUF_R_BAD_FOPEN_MODE				 100
#define BUF_R_NULL_PARAMETER				 101
#define BUF_R_UNINITALISED				 102
#define BUF_R_UNSUPPORTED_METHOD			 103

#ifdef  __cplusplus
}
#endif
#endif

